info it worked if it ends with ok
verbose cli [ 'node',
verbose cli   '/usr/local/bin/npm',
verbose cli   'install',
verbose cli   '-g',
verbose cli   'bower',
verbose cli   'grunt-cli' ]
info using npm@1.1.16
info using node@v0.6.15
verbose config file /root/.npmrc
verbose config file /usr/local/etc/npmrc
verbose config file /usr/local/lib/node_modules/npm/npmrc
verbose cache add [ 'bower', null ]
silly cache add: name, spec, args [ undefined, 'bower', [ 'bower', null ] ]
verbose parsed url { pathname: 'bower', path: 'bower', href: 'bower' }
verbose cache add [ 'grunt-cli', null ]
silly cache add: name, spec, args [ undefined, 'grunt-cli', [ 'grunt-cli', null ] ]
verbose parsed url { pathname: 'grunt-cli', path: 'grunt-cli', href: 'grunt-cli' }
verbose addNamed [ 'bower', '' ]
verbose addNamed [ null, '' ]
silly name, range, hasData [ 'bower', '', false ]
verbose addNamed [ 'grunt-cli', '' ]
verbose addNamed [ null, '' ]
silly name, range, hasData [ 'grunt-cli', '', false ]
verbose raw, before any munging bower
verbose url resolving [ 'https://registry.npmjs.org/', './bower' ]
verbose url resolved https://registry.npmjs.org/bower
http GET https://registry.npmjs.org/bower
verbose raw, before any munging grunt-cli
verbose url resolving [ 'https://registry.npmjs.org/', './grunt-cli' ]
verbose url resolved https://registry.npmjs.org/grunt-cli
http GET https://registry.npmjs.org/grunt-cli
ERR! Error: SSL Error: SELF_SIGNED_CERT_IN_CHAIN
ERR!     at ClientRequest.<anonymous> (/usr/local/lib/node_modules/npm/node_modules/request/main.js:483:26)
ERR!     at ClientRequest.emit (events.js:67:17)
ERR!     at HTTPParser.onIncoming (http.js:1261:11)
ERR!     at HTTPParser.onHeadersComplete (http.js:102:31)
ERR!     at CleartextStream.ondata (http.js:1150:24)
ERR!     at CleartextStream._push (tls.js:375:27)
ERR!     at SecurePair.cycle (tls.js:734:20)
ERR!     at EncryptedStream.write (tls.js:130:13)
ERR!     at Socket.ondata (stream.js:38:26)
ERR!     at Socket.emit (events.js:67:17)
ERR! You may report this log at:
ERR!     <http://github.com/isaacs/npm/issues>
ERR! or email it to:
ERR!     <npm-@googlegroups.com>
ERR! 
ERR! System Linux 3.14-1-amd64
ERR! command "node" "/usr/local/bin/npm" "install" "-g" "bower" "grunt-cli"
ERR! cwd /var/www/django/static
ERR! node -v v0.6.15
ERR! npm -v 1.1.16
ERR! message SSL Error: SELF_SIGNED_CERT_IN_CHAIN
verbose exit [ 1, true ]
